Using pre-set license
Built from '2021.3/release' branch; Version is '2021.3.12f1 (8af3c3e441b1) revision 9106371'; Using compiler version '192829333'; Build Type 'Release'
OS: 'Windows 10  (10.0.19045) 64bit CoreSingleLanguage' Language: 'en' Physical Memory: 16147 MB
BatchMode: 1, IsHumanControllingUs: 0, StartBugReporterOnCrash: 0, Is64bit: 1, IsPro: 1

COMMAND LINE ARGUMENTS:
D:\2021.3.12f1\Editor\Unity.exe
-adb2
-batchMode
-noUpm
-name
AssetImportWorker2
-projectPath
E:/SUMMER_2023/Unity/GamePixel2D/Racetrack_3D
-logFile
Logs/AssetImportWorker2.log
-srvPort
49261
Successfully changed project path to: E:/SUMMER_2023/Unity/GamePixel2D/Racetrack_3D
E:/SUMMER_2023/Unity/GamePixel2D/Racetrack_3D
[UnityMemory] Configuration Parameters - Can be set up in boot.config
    "memorysetup-bucket-allocator-granularity=16"
    "memorysetup-bucket-allocator-bucket-count=8"
    "memorysetup-bucket-allocator-block-size=33554432"
    "memorysetup-bucket-allocator-block-count=8"
    "memorysetup-main-allocator-block-size=16777216"
    "memorysetup-thread-allocator-block-size=16777216"
    "memorysetup-gfx-main-allocator-block-size=16777216"
    "memorysetup-gfx-thread-allocator-block-size=16777216"
    "memorysetup-cache-allocator-block-size=4194304"
    "memorysetup-typetree-allocator-block-size=2097152"
    "memorysetup-profiler-bucket-allocator-granularity=16"
    "memorysetup-profiler-bucket-allocator-bucket-count=8"
    "memorysetup-profiler-bucket-allocator-block-size=33554432"
    "memorysetup-profiler-bucket-allocator-block-count=8"
    "memorysetup-profiler-allocator-block-size=16777216"
    "memorysetup-profiler-editor-allocator-block-size=1048576"
    "memorysetup-temp-allocator-size-main=16777216"
    "memorysetup-job-temp-allocator-block-size=2097152"
    "memorysetup-job-temp-allocator-block-size-background=1048576"
    "memorysetup-job-temp-allocator-reduction-small-platforms=262144"
    "memorysetup-temp-allocator-size-background-worker=32768"
    "memorysetup-temp-allocator-size-job-worker=262144"
    "memorysetup-temp-allocator-size-preload-manager=33554432"
    "memorysetup-temp-allocator-size-nav-mesh-worker=65536"
    "memorysetup-temp-allocator-size-audio-worker=65536"
    "memorysetup-temp-allocator-size-cloud-worker=32768"
    "memorysetup-temp-allocator-size-gi-baking-worker=262144"
    "memorysetup-temp-allocator-size-gfx=262144"
Refreshing native plugins compatible for Editor in 68.55 ms, found 3 plugins.
Preloading 0 native plugins for Editor in 0.00 ms.
Initialize engine version: 2021.3.12f1 (8af3c3e441b1)
[Subsystems] Discovering subsystems at path D:/2021.3.12f1/Editor/Data/Resources/UnitySubsystems
[Subsystems] Discovering subsystems at path E:/SUMMER_2023/Unity/GamePixel2D/Racetrack_3D/Assets
GfxDevice: creating device client; threaded=0; jobified=0
Direct3D:
    Version:  Direct3D 11.0 [level 11.1]
    Renderer: NVIDIA GeForce RTX 3050 Ti Laptop GPU (ID=0x25a0)
    Vendor:   NVIDIA
    VRAM:     3976 MB
    Driver:   31.0.15.3179
Initialize mono
Mono path[0] = 'D:/2021.3.12f1/Editor/Data/Managed'
Mono path[1] = 'D:/2021.3.12f1/Editor/Data/MonoBleedingEdge/lib/mono/unityjit-win32'
Mono config path = 'D:/2021.3.12f1/Editor/Data/MonoBleedingEdge/etc'
Using monoOptions --debugger-agent=transport=dt_socket,embedding=1,server=y,suspend=n,address=127.0.0.1:56736
Begin MonoManager ReloadAssembly
Registering precompiled unity dll's ...
Register platform support module: D:/2021.3.12f1/Editor/Data/PlaybackEngines/AndroidPlayer/UnityEditor.Android.Extensions.dll
Register platform support module: D:/2021.3.12f1/Editor/Data/PlaybackEngines/WindowsStandaloneSupport/UnityEditor.WindowsStandalone.Extensions.dll
Registered in 0.001666 seconds.
Native extension for WindowsStandalone target not found
Native extension for Android target not found
Refreshing native plugins compatible for Editor in 77.02 ms, found 3 plugins.
Preloading 0 native plugins for Editor in 0.00 ms.
Mono: successfully reloaded assembly
- Completed reload, in  0.600 seconds
Domain Reload Profiling:
	ReloadAssembly (601ms)
		BeginReloadAssembly (54ms)
			ExecutionOrderSort (0ms)
			DisableScriptedObjects (0ms)
			BackupInstance (0ms)
			ReleaseScriptingObjects (0ms)
			CreateAndSetChildDomain (1ms)
		EndReloadAssembly (451ms)
			LoadAssemblies (53ms)
			RebuildTransferFunctionScriptingTraits (0ms)
			SetupTypeCache (101ms)
			ReleaseScriptCaches (0ms)
			RebuildScriptCaches (31ms)
			SetupLoadedEditorAssemblies (271ms)
				LogAssemblyErrors (0ms)
				InitializePlatformSupportModulesInManaged (56ms)
				SetLoadedEditorAssemblies (0ms)
				RefreshPlugins (77ms)
				BeforeProcessingInitializeOnLoad (1ms)
				ProcessInitializeOnLoadAttributes (94ms)
				ProcessInitializeOnLoadMethodAttributes (41ms)
				AfterProcessingInitializeOnLoad (0ms)
				EditorAssembliesLoaded (0ms)
			ExecutionOrderSort2 (0ms)
			AwakeInstancesAfterBackupRestoration (0ms)
Platform modules already initialized, skipping
Registering precompiled user dll's ...
Registered in 0.004677 seconds.
Begin MonoManager ReloadAssembly
Symbol file LoadedFromMemory doesn't match image E:\SUMMER_2023\Unity\GamePixel2D\Racetrack_3D\Library\PackageCache\com.unity.visualscripting@1.7.8\Editor\VisualScripting.Core\Dependencies\YamlDotNet\Unity.VisualScripting.YamlDotNet.dll
Symbol file LoadedFromMemory doesn't match image E:\SUMMER_2023\Unity\GamePixel2D\Racetrack_3D\Library\PackageCache\com.unity.visualscripting@1.7.8\Editor\VisualScripting.Core\Dependencies\DotNetZip\Unity.VisualScripting.IonicZip.dll
Native extension for WindowsStandalone target not found
Native extension for Android target not found
Refreshing native plugins compatible for Editor in 0.82 ms, found 3 plugins.
Preloading 0 native plugins for Editor in 0.00 ms.
Mono: successfully reloaded assembly
- Completed reload, in  1.272 seconds
Domain Reload Profiling:
	ReloadAssembly (1273ms)
		BeginReloadAssembly (253ms)
			ExecutionOrderSort (0ms)
			DisableScriptedObjects (5ms)
			BackupInstance (0ms)
			ReleaseScriptingObjects (0ms)
			CreateAndSetChildDomain (146ms)
		EndReloadAssembly (867ms)
			LoadAssemblies (122ms)
			RebuildTransferFunctionScriptingTraits (0ms)
			SetupTypeCache (358ms)
			ReleaseScriptCaches (1ms)
			RebuildScriptCaches (54ms)
			SetupLoadedEditorAssemblies (325ms)
				LogAssemblyErrors (0ms)
				InitializePlatformSupportModulesInManaged (14ms)
				SetLoadedEditorAssemblies (0ms)
				RefreshPlugins (1ms)
				BeforeProcessingInitializeOnLoad (77ms)
				ProcessInitializeOnLoadAttributes (205ms)
				ProcessInitializeOnLoadMethodAttributes (25ms)
				AfterProcessingInitializeOnLoad (2ms)
				EditorAssembliesLoaded (0ms)
			ExecutionOrderSort2 (0ms)
			AwakeInstancesAfterBackupRestoration (5ms)
Platform modules already initialized, skipping
========================================================================
Worker process is ready to serve import requests
Launched and connected shader compiler UnityShaderCompiler.exe after 0.04 seconds
Refreshing native plugins compatible for Editor in 0.96 ms, found 3 plugins.
Preloading 0 native plugins for Editor in 0.00 ms.
Unloading 3381 Unused Serialized files (Serialized files now loaded: 0)
Unloading 27 unused Assets / (113.4 KB). Loaded Objects now: 3840.
Memory consumption went from 116.2 MB to 116.1 MB.
Total: 2.678600 ms (FindLiveObjects: 0.309900 ms CreateObjectMapping: 0.093800 ms MarkObjects: 2.164900 ms  DeleteObjects: 0.107600 ms)

AssetImportParameters requested are different than current active one (requested -> active):
  custom:video-decoder-ogg-theora: a1e56fd34408186e4bbccfd4996cb3dc -> 
  custom:container-muxer-webm: aa71ff27fc2769a1b78a27578f13a17b -> 
  custom:container-demuxer-webm: 4f35f7cbe854078d1ac9338744f61a02 -> 
  custom:video-encoder-webm-vp8: eb34c28f22e8b96e1ab97ce403110664 -> 
  custom:audio-encoder-webm-vorbis: bf7c407c2cedff20999df2af8eb42d56 -> 
  custom:framework-win-MediaFoundation: 216162199b28c13a410421893ffa2e32 -> 
  custom:container-demuxer-ogg: 62fdf1f143b41e24485cea50d1cbac27 -> 
  custom:video-decoder-webm-vp8: 9c59270c3fd7afecdb556c50c9e8de78 -> 
  custom:audio-decoder-ogg-vorbis: bf7c407c2cedff20999df2af8eb42d56 -> 
========================================================================
Received Import Request.
  Time since last request: 364579.500150 seconds.
  path: Assets/assets/Models/Powrbox1.fbx
  artifactKey: Guid(1f0ef9932716f8c448914d40148a40f7) Importer(815301076,1909f56bfc062723c751e8b465ee728b)
Start importing Assets/assets/Models/Powrbox1.fbx using Guid(1f0ef9932716f8c448914d40148a40f7) Importer(815301076,1909f56bfc062723c751e8b465ee728b)  -> (artifact id: '1d7c87d3896cb52d64e7c39db7fadc16') in 0.249741 seconds 
========================================================================
Received Import Request.
  Time since last request: 0.000027 seconds.
  path: Assets/assets/Models/Road9.fbx
  artifactKey: Guid(0bceecba57a8b514ea8c1c1a9b380394) Importer(815301076,1909f56bfc062723c751e8b465ee728b)
Start importing Assets/assets/Models/Road9.fbx using Guid(0bceecba57a8b514ea8c1c1a9b380394) Importer(815301076,1909f56bfc062723c751e8b465ee728b)  -> (artifact id: 'd02a697da929acd3c656ebe154f18252') in 0.033515 seconds 
========================================================================
Received Import Request.
  Time since last request: 0.000036 seconds.
  path: Assets/assets/Models/Fence1.fbx
  artifactKey: Guid(2e592fc7f0df75848ba6b84b666f1254) Importer(815301076,1909f56bfc062723c751e8b465ee728b)
Start importing Assets/assets/Models/Fence1.fbx using Guid(2e592fc7f0df75848ba6b84b666f1254) Importer(815301076,1909f56bfc062723c751e8b465ee728b)  -> (artifact id: 'fb11d272190010049153b25ac79c730c') in 0.092635 seconds 
========================================================================
Received Import Request.
  Time since last request: 0.356774 seconds.
  path: Assets/assets/Textures/Atlas1.tif
  artifactKey: Guid(c952b20c08251a34fb72927b1abf69bf) Importer(815301076,1909f56bfc062723c751e8b465ee728b)
Start importing Assets/assets/Textures/Atlas1.tif using Guid(c952b20c08251a34fb72927b1abf69bf) Importer(815301076,1909f56bfc062723c751e8b465ee728b)  -> (artifact id: '43a0a166cb3fd21272af4047c11ea43d') in 0.036206 seconds 
========================================================================
Received Import Request.
  Time since last request: 0.000026 seconds.
  path: Assets/assets/Textures/Roads.tif
  artifactKey: Guid(6f89f285822a1d74ab738c9b0754036c) Importer(815301076,1909f56bfc062723c751e8b465ee728b)
Start importing Assets/assets/Textures/Roads.tif using Guid(6f89f285822a1d74ab738c9b0754036c) Importer(815301076,1909f56bfc062723c751e8b465ee728b)  -> (artifact id: '67bc7b7952ec7851a58bdf6df8bc2121') in 0.026796 seconds 
========================================================================
Received Import Request.
  Time since last request: 3.959287 seconds.
  path: Assets/assets/Effects/Particles/Part1_car.prefab
  artifactKey: Guid(8ccb1b3f26423234ca5d7dd5e12d42bc) Importer(815301076,1909f56bfc062723c751e8b465ee728b)
Start importing Assets/assets/Effects/Particles/Part1_car.prefab using Guid(8ccb1b3f26423234ca5d7dd5e12d42bc) Importer(815301076,1909f56bfc062723c751e8b465ee728b)  -> (artifact id: 'e8cba5eeb5e6ff1f93907ec0edf57a3e') in 0.088617 seconds 
========================================================================
Received Import Request.
  Time since last request: 2.175361 seconds.
  path: Assets/assets/Effects/Particles
  artifactKey: Guid(2d21d3dcb940a9841aff98736ace0197) Importer(815301076,1909f56bfc062723c751e8b465ee728b)
Start importing Assets/assets/Effects/Particles using Guid(2d21d3dcb940a9841aff98736ace0197) Importer(815301076,1909f56bfc062723c751e8b465ee728b)  -> (artifact id: 'a87380ebd13f9d76bc86523c27fd14fe') in 0.012816 seconds 
========================================================================
Received Import Request.
  Time since last request: 0.830257 seconds.
  path: Assets/assets/Effects/Particles/Materials
  artifactKey: Guid(b5dcc4b984b6f224d91d4aee915081fb) Importer(815301076,1909f56bfc062723c751e8b465ee728b)
Start importing Assets/assets/Effects/Particles/Materials using Guid(b5dcc4b984b6f224d91d4aee915081fb) Importer(815301076,1909f56bfc062723c751e8b465ee728b)  -> (artifact id: 'aa66af25038616b40c3077b4e9c151ea') in 0.026320 seconds 
========================================================================
Received Import Request.
  Time since last request: 0.020845 seconds.
  path: Assets/assets/Effects/Particles/Materials/Part1.mat
  artifactKey: Guid(6f1ddb2cb7882e94eb5e5e5eb7a78839) Importer(815301076,1909f56bfc062723c751e8b465ee728b)
Start importing Assets/assets/Effects/Particles/Materials/Part1.mat using Guid(6f1ddb2cb7882e94eb5e5e5eb7a78839) Importer(815301076,1909f56bfc062723c751e8b465ee728b)  -> (artifact id: '3863aa074ec252d1bf6d82e594794215') in 0.027090 seconds 
========================================================================
Received Import Request.
  Time since last request: 1.830530 seconds.
  path: Assets/assets/Models/Materials
  artifactKey: Guid(05e2054f4ca62ec4198ab8bac2b28d06) Importer(815301076,1909f56bfc062723c751e8b465ee728b)
Start importing Assets/assets/Models/Materials using Guid(05e2054f4ca62ec4198ab8bac2b28d06) Importer(815301076,1909f56bfc062723c751e8b465ee728b)  -> (artifact id: 'c284ba9e5b4adc56bb537895f9b97f48') in 0.021595 seconds 
========================================================================
Received Import Request.
  Time since last request: 0.016175 seconds.
  path: Assets/assets/Models/Materials/Atlas1.mat
  artifactKey: Guid(d3d89812d35745a48be74cc74aea4ef0) Importer(815301076,1909f56bfc062723c751e8b465ee728b)
Start importing Assets/assets/Models/Materials/Atlas1.mat using Guid(d3d89812d35745a48be74cc74aea4ef0) Importer(815301076,1909f56bfc062723c751e8b465ee728b)  -> (artifact id: '39440670d161816a2a101408206afac3') in 0.034314 seconds 
========================================================================
Received Import Request.
  Time since last request: 0.000025 seconds.
  path: Assets/assets/Models/Materials/Rock1.mat
  artifactKey: Guid(3b4c84069adddbc4b80f4a15ac9aa001) Importer(815301076,1909f56bfc062723c751e8b465ee728b)
Start importing Assets/assets/Models/Materials/Rock1.mat using Guid(3b4c84069adddbc4b80f4a15ac9aa001) Importer(815301076,1909f56bfc062723c751e8b465ee728b)  -> (artifact id: 'f570cc9c6c30a374b151f5fbf603c9e4') in 0.114146 seconds 
========================================================================
Received Import Request.
  Time since last request: 2.152328 seconds.
  path: Assets/assets/Models/Rock7.fbx
  artifactKey: Guid(bda118c83f04d1d40a277e3591e8ffcc) Importer(815301076,1909f56bfc062723c751e8b465ee728b)
Start importing Assets/assets/Models/Rock7.fbx using Guid(bda118c83f04d1d40a277e3591e8ffcc) Importer(815301076,1909f56bfc062723c751e8b465ee728b)  -> (artifact id: '3976efd8445fad98ddc1113958153113') in 0.051250 seconds 
========================================================================
Received Import Request.
  Time since last request: 0.000023 seconds.
  path: Assets/assets/Models/Signboard4.fbx
  artifactKey: Guid(2935c70e005bb8e45bc27b891f1b99e3) Importer(815301076,1909f56bfc062723c751e8b465ee728b)
Start importing Assets/assets/Models/Signboard4.fbx using Guid(2935c70e005bb8e45bc27b891f1b99e3) Importer(815301076,1909f56bfc062723c751e8b465ee728b)  -> (artifact id: '892330abec1f84adb96286ba321b1859') in 0.031887 seconds 
========================================================================
Received Import Request.
  Time since last request: 0.000026 seconds.
  path: Assets/assets/Models/Shrooms.fbx
  artifactKey: Guid(45b58f61afb78574aae310530253a330) Importer(815301076,1909f56bfc062723c751e8b465ee728b)
Start importing Assets/assets/Models/Shrooms.fbx using Guid(45b58f61afb78574aae310530253a330) Importer(815301076,1909f56bfc062723c751e8b465ee728b)  -> (artifact id: 'bd8734abc6b0211f751c86bea1058b65') in 0.054687 seconds 
========================================================================
Received Import Request.
  Time since last request: 0.000027 seconds.
  path: Assets/assets/Models/Signboard5.fbx
  artifactKey: Guid(18b7637777976404aab80b53043712df) Importer(815301076,1909f56bfc062723c751e8b465ee728b)
Start importing Assets/assets/Models/Signboard5.fbx using Guid(18b7637777976404aab80b53043712df) Importer(815301076,1909f56bfc062723c751e8b465ee728b)  -> (artifact id: '74051930ea9e0132cee06cf9fe4b0047') in 0.042690 seconds 
========================================================================
Received Import Request.
  Time since last request: 0.072642 seconds.
  path: Assets/assets/Models/Straw4.fbx
  artifactKey: Guid(6effb6c1ff3b3a4418d88e0cae77e2b9) Importer(815301076,1909f56bfc062723c751e8b465ee728b)
Start importing Assets/assets/Models/Straw4.fbx using Guid(6effb6c1ff3b3a4418d88e0cae77e2b9) Importer(815301076,1909f56bfc062723c751e8b465ee728b)  -> (artifact id: 'd154240835cfdb3aca50ffd0a45d5f92') in 0.023191 seconds 
========================================================================
Received Import Request.
  Time since last request: 0.000022 seconds.
  path: Assets/assets/Models/Street_well2.fbx
  artifactKey: Guid(8498d3c2e95c7f54cace89b4ff0f8e63) Importer(815301076,1909f56bfc062723c751e8b465ee728b)
Start importing Assets/assets/Models/Street_well2.fbx using Guid(8498d3c2e95c7f54cace89b4ff0f8e63) Importer(815301076,1909f56bfc062723c751e8b465ee728b)  -> (artifact id: '200abf15607f9cf177c0d19a7697d147') in 0.065222 seconds 
========================================================================
Received Import Request.
  Time since last request: 0.000021 seconds.
  path: Assets/assets/Models/Trash1.fbx
  artifactKey: Guid(bee2d5801f4782d44aeda82b16d66c10) Importer(815301076,1909f56bfc062723c751e8b465ee728b)
Start importing Assets/assets/Models/Trash1.fbx using Guid(bee2d5801f4782d44aeda82b16d66c10) Importer(815301076,1909f56bfc062723c751e8b465ee728b)  -> (artifact id: '85e78e47e6609047d864dcac71c0fc9a') in 0.024884 seconds 
========================================================================
Received Import Request.
  Time since last request: 0.000026 seconds.
  path: Assets/assets/Models/Umbrella1B.fbx
  artifactKey: Guid(fa7ee617de1149d4d83b57fb5f4729e3) Importer(815301076,1909f56bfc062723c751e8b465ee728b)
Start importing Assets/assets/Models/Umbrella1B.fbx using Guid(fa7ee617de1149d4d83b57fb5f4729e3) Importer(815301076,1909f56bfc062723c751e8b465ee728b)  -> (artifact id: '35dabfceb12b0f9d7ba44cc761fd39d6') in 0.028000 seconds 
========================================================================
Received Import Request.
  Time since last request: 0.000022 seconds.
  path: Assets/assets/Models/Trash2.fbx
  artifactKey: Guid(3b2b59fa7263a4f48a09ebc0efdad752) Importer(815301076,1909f56bfc062723c751e8b465ee728b)
Start importing Assets/assets/Models/Trash2.fbx using Guid(3b2b59fa7263a4f48a09ebc0efdad752) Importer(815301076,1909f56bfc062723c751e8b465ee728b)  -> (artifact id: 'e41e8173072bed130fe7c492d27047aa') in 0.032089 seconds 
========================================================================
Received Import Request.
  Time since last request: 0.000024 seconds.
  path: Assets/assets/Models/Tree2.fbx
  artifactKey: Guid(b4945f9b574e7504f83784f753f480d1) Importer(815301076,1909f56bfc062723c751e8b465ee728b)
Start importing Assets/assets/Models/Tree2.fbx using Guid(b4945f9b574e7504f83784f753f480d1) Importer(815301076,1909f56bfc062723c751e8b465ee728b)  -> (artifact id: '0103a61e3aebd0974f2f67ed93fe51c3') in 0.029137 seconds 
========================================================================
Received Import Request.
  Time since last request: 0.000029 seconds.
  path: Assets/assets/Models/Streetlight_el1B.fbx
  artifactKey: Guid(a9abad72771ce444e96ee159a1e5c852) Importer(815301076,1909f56bfc062723c751e8b465ee728b)
Start importing Assets/assets/Models/Streetlight_el1B.fbx using Guid(a9abad72771ce444e96ee159a1e5c852) Importer(815301076,1909f56bfc062723c751e8b465ee728b)  -> (artifact id: 'ce03e45c51264f351d1daa44b26d30ec') in 0.044822 seconds 
========================================================================
Received Import Request.
  Time since last request: 0.000027 seconds.
  path: Assets/assets/Models/Tree1.fbx
  artifactKey: Guid(66308e7000eca544e9be09c3258e8e70) Importer(815301076,1909f56bfc062723c751e8b465ee728b)
Start importing Assets/assets/Models/Tree1.fbx using Guid(66308e7000eca544e9be09c3258e8e70) Importer(815301076,1909f56bfc062723c751e8b465ee728b)  -> (artifact id: '01811320f6b579d536c0f2bf6ea113d5') in 0.033135 seconds 
========================================================================
Received Import Request.
  Time since last request: 0.000031 seconds.
  path: Assets/assets/Models/Sunflower1.fbx
  artifactKey: Guid(1afcc78f8fe33ad42a057e3e633ca06a) Importer(815301076,1909f56bfc062723c751e8b465ee728b)
Start importing Assets/assets/Models/Sunflower1.fbx using Guid(1afcc78f8fe33ad42a057e3e633ca06a) Importer(815301076,1909f56bfc062723c751e8b465ee728b)  -> (artifact id: 'b6b1d574335e139211f5e3cc3f67d350') in 0.037092 seconds 
========================================================================
Received Import Request.
  Time since last request: 0.000050 seconds.
  path: Assets/assets/Models/Streetlight1B.fbx
  artifactKey: Guid(cf5367f97cee5df4aa66fdca314997ff) Importer(815301076,1909f56bfc062723c751e8b465ee728b)
Start importing Assets/assets/Models/Streetlight1B.fbx using Guid(cf5367f97cee5df4aa66fdca314997ff) Importer(815301076,1909f56bfc062723c751e8b465ee728b)  -> (artifact id: 'dc19941671660ecba2a8509f8b0d6e46') in 0.047992 seconds 
Editor requested this worker to shutdown with reason: Scaling down because of idle timeout
AssetImportWorker is now disconnected from the server
Process exiting
Exiting without the bug reporter. Application will terminate with return code 0